C51 COMPILER V9.00   MAIN                                                                  12/07/2013 20:36:15 PAGE 1   


C51 COMPILER V9.00, COMPILATION OF MODULE MAIN
OBJECT MODULE PLACED IN main.OBJ
COMPILER INVOKED BY: e:\Keil\C51\BIN\C51.EXE main.c BROWSE DEBUG OBJECTEXTEND

line level    source

   1          #include<reg52.h>
   2          #include"iic.h"
   3          #include"ds1302.h"
   4          uchar code tabel1[]={0x3f,0x06,0x5b,0x4f,0x66,0x6d,0x7d,0x07,0x7f,0x6f,0x40,0x00};
   5          uchar code tabel2[]={0xfe,0xfd,0xfb,0xf7,0xef,0xdf,0xbf,0x7f};
   6          bit state,save,beep;
   7           sbit didi=P3^0;
   8          sbit jidianqi=P3^1;
   9          sbit la=P3^2;
  10          sbit lb=P3^3;
  11          sbit key1=P1^0;
  12          sbit key2=P1^1;
  13          sbit key3=P1^2;
  14          sbit key4=P1^3;
  15          
  16          extern uchar time_data[]={13,12,11,30,8,30,30};
  17          extern uchar write_add[]={0x8c,0x8a,0x88,0x86,0x84,0x82,0x80};
  18          extern uchar read_add[]={0x8d,0x8b,0x89,0x87,0x85,0x83,0x81};
  19          uchar d[8];
  20          uchar shidu,eep;
  21          void delay_50us(uint a)
  22          {
  23   1              uchar j;
  24   1              for(;a>0;a--)
  25   1              for(j=19;j>0;j--);
  26   1      }
  27          void display()
  28          {
  29   1               uchar i;
  30   1              if(save==1)
  31   1              {
  32   2              d[0]=time_data[4]/16;
  33   2              d[1]=time_data[4]%16;
  34   2              d[2]=10;
  35   2              d[3]=time_data[5]/16;
  36   2              d[4]=time_data[5]%16;
  37   2              d[5]=11;
  38   2              d[6]=shidu/10;
  39   2              d[7]=shidu%10;
  40   2              }
  41   1              if(save==0)
  42   1              {
  43   2              d[0]=10;
  44   2              d[1]=10;
  45   2              d[2]=eep/10;
  46   2              d[3]=eep%10;
  47   2              d[4]=11;
  48   2              d[5]=11;
  49   2              d[6]=11;
  50   2              d[7]=11;        
  51   2              }
  52   1              for(i=0;i<8;i++)
  53   1              {
  54   2                      P0=tabel1[d[i]];
  55   2                      P2=tabel2[i];
C51 COMPILER V9.00   MAIN                                                                  12/07/2013 20:36:15 PAGE 2   

  56   2                      delay_50us(20);
  57   2                      P0=0;
  58   2              }
  59   1      }
  60          
  61          void key()
  62          {
  63   1              if(key1==0)
  64   1              {
  65   2                      delay_50us(200);
  66   2                      if(key1==0)
  67   2                      {
  68   3                              state=~state;
  69   3                              while(!key1)display();
  70   3                      }
  71   2              }
  72   1              if(state==1)
  73   1              {
  74   2                      la=0;
  75   2                      lb=1;
  76   2                      if(key2==0)
  77   2                      {
  78   3                              delay_50us(200);
  79   3                              if(key2==0)
  80   3                              {
  81   4                                      save=~save;
  82   4                                      while(!key2)display();
  83   4                              }
  84   3                      }
  85   2                      if(save==0)
  86   2                      {
  87   3                              if(key3==0)
  88   3                              {
  89   4                                      delay_50us(200);
  90   4                                      if(key3==0)
  91   4                                      {
  92   5                                              eep++;
  93   5                                              while(!key3)display();
  94   5                                      }
  95   4                              }
  96   3                              if(key4==0)
  97   3                              {
  98   4                                      delay_50us(200);
  99   4                                      if(key4==0)
 100   4                                      {
 101   5                                              eep--;
 102   5                                              while(!key4)display();
 103   5                                      }
 104   4                              }
 105   3                      }
 106   2                      if(eep>99||eep<0)eep=0;
 107   2                      if(save==1)
 108   2                      {
 109   3                              write_iic(0xa0,1,eep);
 110   3                              if(shidu<eep)
 111   3                              {
 112   4                                      jidianqi=0;
 113   4                              }
 114   3                              else jidianqi=1;
 115   3                      }
 116   2              }
 117   1              if(state==0)
C51 COMPILER V9.00   MAIN                                                                  12/07/2013 20:36:15 PAGE 3   

 118   1              {
 119   2                      la=1;
 120   2                      lb=0;
 121   2                      if(key2==0)
 122   2                      {
 123   3                              delay_50us(200);
 124   3                              if(key2==0)
 125   3                              {
 126   4                                      beep=~beep;
 127   4                                      while(!key2)display();
 128   4                              }
 129   3                      }
 130   2                      if(key3==0)
 131   2                      {
 132   3                              delay_50us(200);
 133   3                              if(key3==0)
 134   3                              {
 135   4                                      jidianqi=0;
 136   4                                      while(!key3)display();
 137   4                              }
 138   3                      }
 139   2                      if(key4==0)
 140   2                      {
 141   3                              delay_50us(200);
 142   3                              if(key4==0)
 143   3                              {
 144   4                                      jidianqi=1;
 145   4                                      while(!key4)display();
 146   4                              }
 147   3                      }
 148   2                      if((beep==1)&&(shidu<eep))
 149   2                      {
 150   3                              didi=0;
 151   3                              delay_50us(5);
 152   3                              didi=1;
 153   3                              delay_50us(5);
 154   3                      }
 155   2              }
 156   1      }
 157          void main()
 158          {
 159   1              init();
 160   1              set_time();
 161   1              write_iic(0xa0,1,50);
 162   1              channel();
 163   1              eep=50;
 164   1              beep=1;
 165   1              jidianqi=1;
 166   1              save=1;
 167   1              state=1;
 168   1              while(1)
 169   1              {
 170   2                      read_time();
 171   2                      shidu=read_adc();
 172   2                      shidu=shidu*0.3883;
 173   2                      key();
 174   2                      display();
 175   2              }
 176   1      }


MODULE INFORMATION:   STATIC OVERLAYABLE
C51 COMPILER V9.00   MAIN                                                                  12/07/2013 20:36:15 PAGE 4   

   CODE SIZE        =    438    ----
   CONSTANT SIZE    =     20    ----
   XDATA SIZE       =   ----    ----
   PDATA SIZE       =   ----    ----
   DATA SIZE        =     31    ----
   IDATA SIZE       =   ----    ----
   BIT SIZE         =      3    ----
END OF MODULE INFORMATION.


C51 COMPILATION COMPLETE.  0 WARNING(S),  0 ERROR(S)
